0 verbose cli E:\nodejs\node.exe E:\nodejs\node_modules\npm\bin\npm-cli.js
1 info using npm@11.6.2
2 info using node@v24.12.0
3 silly config load:file:E:\nodejs\node_modules\npm\npmrc
4 silly config load:file:C:\Users\TTT\Desktop\课程设计\110\vue-admin-template-master\vue-admin-template-master\.npmrc
5 silly config load:file:C:\Users\TTT\.npmrc
6 silly config load:file:C:\Users\TTT\AppData\Roaming\npm\etc\npmrc
7 verbose title npm install
8 verbose argv "install" "--cache" ".npm-cache" "--no-audit" "--no-fund" "--legacy-peer-deps"
9 verbose logfile logs-max:10 dir:C:\Users\TTT\Desktop\课程设计\110\vue-admin-template-master\vue-admin-template-master\.npm-cache\_logs\2026-04-08T12_10_08_477Z-
10 verbose logfile C:\Users\TTT\Desktop\课程设计\110\vue-admin-template-master\vue-admin-template-master\.npm-cache\_logs\2026-04-08T12_10_08_477Z-debug-0.log
11 silly logfile done cleaning log files
12 silly packumentCache heap:4496293888 maxSize:1124073472 maxEntrySize:562036736
13 verbose shrinkwrap failed to load node_modules/.package-lock.json out of date, updated: node_modules
14 silly idealTree buildDeps
15 warn EBADENGINE Unsupported engine {
15 warn EBADENGINE   package: '@achrinza/node-ipc@9.2.2',
15 warn EBADENGINE   required: { node: '8 || 10 || 12 || 14 || 16 || 17' },
15 warn EBADENGINE   current: { node: 'v24.12.0', npm: '11.6.2' }
15 warn EBADENGINE }
16 silly reify moves {}
17 verbose cwd C:\Users\TTT\Desktop\课程设计\110\vue-admin-template-master\vue-admin-template-master
18 verbose os Windows_NT 10.0.26100
19 verbose node v24.12.0
20 verbose npm  v11.6.2
21 verbose exit 0
22 info ok
